<?xml version="1.0" encoding="UTF-8"?>
<!-- Generated by org.testng.reporters.JUnitReportReporter -->
<testsuite hostname="Revs_Device" failures="0" tests="4" name="tests.CheckBoxTest" time="11.194" errors="0" timestamp="2026-01-08T21:34:27 IST" skipped="0">
  <testcase classname="tests.CheckBoxTest" name="selectDesktopCheckBox" time="8.485"/>
  <testcase classname="tests.CheckBoxTest" name="selectDownloadCheckBox" time="0.881"/>
  <testcase classname="tests.CheckBoxTest" name="selectDocumentCheckBox" time="0.899"/>
  <testcase classname="tests.CheckBoxTest" name="selectHomeCheckBox" time="0.929"/>
</testsuite> <!-- tests.CheckBoxTest -->
