<?xml version="1.0" encoding="UTF-8"?>
<!-- Generated by org.testng.reporters.JUnitReportReporter -->
<testsuite hostname="Revs_Device" failures="0" tests="3" name="tests.ButtonsTest" time="12.061" errors="0" timestamp="2026-01-10T19:54:19 IST" skipped="0">
  <testcase classname="tests.ButtonsTest" name="ClickButton" time="1.073"/>
  <testcase classname="tests.ButtonsTest" name="rightClickButton" time="1.347"/>
  <testcase classname="tests.ButtonsTest" name="doubleClickButton" time="9.641"/>
</testsuite> <!-- tests.ButtonsTest -->
