<?xml version="1.0" encoding="UTF-8"?>
<!-- Generated by org.testng.reporters.JUnitReportReporter -->
<testsuite hostname="Revs_Device" failures="0" tests="3" name="tests.RadioButtonTest" time="5.435" errors="0" timestamp="2026-01-08T21:34:44 IST" skipped="0">
  <testcase classname="tests.RadioButtonTest" name="selectImpressiveRadioButton" time="1.238"/>
  <testcase classname="tests.RadioButtonTest" name="validateNoRadioButtonIsDisabled" time="0.838"/>
  <testcase classname="tests.RadioButtonTest" name="selectYesRadioButton" time="3.359"/>
</testsuite> <!-- tests.RadioButtonTest -->
