<?xml version="1.0" encoding="UTF-8"?>
<!-- Generated by org.testng.reporters.JUnitReportReporter -->
<testsuite hostname="Revs_Device" failures="0" tests="9" name="tests.LinksTest" time="23.935" errors="0" timestamp="2026-01-10T19:40:24 IST" skipped="0">
  <testcase classname="tests.LinksTest" name="clickBadRequestLink" time="1.611"/>
  <testcase classname="tests.LinksTest" name="clickHome" time="1.415"/>
  <testcase classname="tests.LinksTest" name="clickNotFoundLink" time="10.067"/>
  <testcase classname="tests.LinksTest" name="clickForbiddenLink" time="1.856"/>
  <testcase classname="tests.LinksTest" name="clicknoContentLink" time="1.538"/>
  <testcase classname="tests.LinksTest" name="clickCreatedLink" time="1.349"/>
  <testcase classname="tests.LinksTest" name="clickMovedLink" time="2.445"/>
  <testcase classname="tests.LinksTest" name="clickDynamicHome" time="2.307"/>
  <testcase classname="tests.LinksTest" name="clickUnauthorisedLink" time="1.347"/>
</testsuite> <!-- tests.LinksTest -->
