<?xml version="1.0" encoding="UTF-8"?>
<!-- Generated by org.testng.reporters.JUnitReportReporter -->
<testsuite hostname="Revs_Device" failures="0" tests="4" name="tests.BrokenLinksImageTest" time="35.820" errors="0" timestamp="2026-01-11T14:33:04 IST" skipped="0">
  <testcase classname="tests.BrokenLinksImageTest" name="isImageInValid" time="25.059"/>
  <testcase classname="tests.BrokenLinksImageTest" name="isInValidLinkDisplayed" time="6.734"/>
  <testcase classname="tests.BrokenLinksImageTest" name="isValidLinkDisplayed" time="2.460"/>
  <testcase classname="tests.BrokenLinksImageTest" name="isImageValid" time="1.567"/>
</testsuite> <!-- tests.BrokenLinksImageTest -->
