<?xml version="1.0" encoding="UTF-8"?>
<!-- Generated by org.testng.reporters.JUnitXMLReporter -->
<testsuite ignored="0" hostname="Revs_Device" failures="0" tests="4" name="Default test" time="37.466" errors="0" timestamp="2026-01-11T14:33:04 IST">
  <testcase classname="tests.BrokenLinksImageTest" name="isImageInValid" time="0.812"/>
  <testcase classname="tests.BrokenLinksImageTest" name="isImageValid" time="0.199"/>
  <testcase classname="tests.BrokenLinksImageTest" name="isInValidLinkDisplayed" time="3.269"/>
  <testcase classname="tests.BrokenLinksImageTest" name="isValidLinkDisplayed" time="0.848"/>
</testsuite> <!-- Default test -->
